<?xml version="1.0" encoding="UTF-8"?>
<!-- Generated by org.testng.reporters.JUnitXMLReporter -->
<testsuite hostname="LAPTOP-DQHA8VEA" ignored="0" name="Register User" tests="1" failures="1" timestamp="2021-12-30T21:41:04 IST" time="12.077" errors="0">
  <testcase name="registerUser" time="9.981" classname="appShoping.RegisterUser">
    <failure type="java.lang.AssertionError" message="Test Case failed expected [true] but found [false]">
      <![CDATA[java.lang.AssertionError: Test Case failed expected [true] but found [false]
at appShoping.RegisterUser.registerUser(RegisterUser.java:37)
at java.util.ArrayList.forEach(Unknown Source)
... Removed 30 stack frames]]>
    </failure>
  </testcase> <!-- registerUser -->
</testsuite> <!-- Register User -->
